0 info it worked if it ends with ok
1 verbose cli [ 'node', '/usr/local/bin/npm', 'i' ]
2 info using npm@2.7.4
3 info using node@v0.10.25
4 verbose node symlink /usr/bin/node
5 verbose config Skipping project config: /home/vitor/.npmrc. (matches userconfig)
6 error install Couldn't read dependencies
7 verbose stack Error: ENOENT, open '/home/vitor/package.json'
8 verbose cwd /home/vitor/Projects/pdm
9 error Linux 3.13.0-37-generic
10 error argv "node" "/usr/local/bin/npm" "i"
11 error node v0.10.25
12 error npm  v2.7.4
13 error path /home/vitor/package.json
14 error code ENOPACKAGEJSON
15 error errno 34
16 error package.json ENOENT, open '/home/vitor/package.json'
16 error package.json This is most likely not a problem with npm itself.
16 error package.json npm can't find a package.json file in your current directory.
17 verbose exit [ 34, true ]
